[ 2016-12-20T08:07:40+08:00 ] 127.0.0.1 /zhong_daishudou/daishudou/Practicum/Public/Former/css/face.css
INFO: [ app_init ] --START--
INFO: Run Behavior\BuildLiteBehavior [ RunTime:0.000024s ]
INFO: [ app_init ] --END-- [ RunTime:0.000959s ]
ERR: 无法加载模块:Public

[ 2016-12-20T08:07:40+08:00 ] 127.0.0.1 /zhong_daishudou/daishudou/Practicum/Public/Former/js/face.js
INFO: [ app_init ] --START--
INFO: Run Behavior\BuildLiteBehavior [ RunTime:0.000017s ]
INFO: [ app_init ] --END-- [ RunTime:0.000681s ]
ERR: 无法加载模块:Public

[ 2016-12-20T08:07:41+08:00 ] 127.0.0.1 /zhong_daishudou/daishudou/Practicum/Public/Former/js/face.js
INFO: [ app_init ] --START--
INFO: Run Behavior\BuildLiteBehavior [ RunTime:0.000020s ]
INFO: [ app_init ] --END-- [ RunTime:0.000576s ]
ERR: 无法加载模块:Public

[ 2016-12-20T08:07:45+08:00 ] 127.0.0.1 /zhong_daishudou/daishudou/Practicum/Public/Former/css/face.css
INFO: [ app_init ] --START--
INFO: Run Behavior\BuildLiteBehavior [ RunTime:0.000020s ]
INFO: [ app_init ] --END-- [ RunTime:0.000589s ]
ERR: 无法加载模块:Public

[ 2016-12-20T08:07:45+08:00 ] 127.0.0.1 /zhong_daishudou/daishudou/Practicum/Public/Former/js/face.js
INFO: [ app_init ] --START--
INFO: Run Behavior\BuildLiteBehavior [ RunTime:0.000019s ]
INFO: [ app_init ] --END-- [ RunTime:0.000577s ]
ERR: 无法加载模块:Public

[ 2016-12-20T08:07:46+08:00 ] 127.0.0.1 /zhong_daishudou/daishudou/Practicum/Public/Former/js/face.js
INFO: [ app_init ] --START--
INFO: Run Behavior\BuildLiteBehavior [ RunTime:0.000022s ]
INFO: [ app_init ] --END-- [ RunTime:0.000714s ]
ERR: 无法加载模块:Public

[ 2016-12-20T08:07:51+08:00 ] 127.0.0.1 /zhong_daishudou/daishudou/Practicum/Public/Former/css/face.css
INFO: [ app_init ] --START--
INFO: Run Behavior\BuildLiteBehavior [ RunTime:0.000022s ]
INFO: [ app_init ] --END-- [ RunTime:0.000663s ]
ERR: 无法加载模块:Public

[ 2016-12-20T08:07:51+08:00 ] 127.0.0.1 /zhong_daishudou/daishudou/Practicum/Public/Former/js/face.js
INFO: [ app_init ] --START--
INFO: Run Behavior\BuildLiteBehavior [ RunTime:0.000032s ]
INFO: [ app_init ] --END-- [ RunTime:0.000761s ]
ERR: 无法加载模块:Public

[ 2016-12-20T08:07:51+08:00 ] 127.0.0.1 /zhong_daishudou/daishudou/Practicum/Public/Former/js/face.js
INFO: [ app_init ] --START--
INFO: Run Behavior\BuildLiteBehavior [ RunTime:0.000025s ]
INFO: [ app_init ] --END-- [ RunTime:0.000628s ]
ERR: 无法加载模块:Public

[ 2016-12-20T08:20:57+08:00 ] 127.0.0.1 /zhong_daishudou/daishudou/Practicum/Public/Former/js/face.js
INFO: [ app_init ] --START--
INFO: Run Behavior\BuildLiteBehavior [ RunTime:0.000022s ]
INFO: [ app_init ] --END-- [ RunTime:0.000659s ]
ERR: 无法加载模块:Public

[ 2016-12-20T08:20:57+08:00 ] 127.0.0.1 /zhong_daishudou/daishudou/Practicum/Public/Former/css/face.css
INFO: [ app_init ] --START--
INFO: Run Behavior\BuildLiteBehavior [ RunTime:0.000024s ]
INFO: [ app_init ] --END-- [ RunTime:0.000798s ]
ERR: 无法加载模块:Public

[ 2016-12-20T08:20:57+08:00 ] 127.0.0.1 /zhong_daishudou/daishudou/Practicum/Public/Former/js/face.js
INFO: [ app_init ] --START--
INFO: Run Behavior\BuildLiteBehavior [ RunTime:0.000013s ]
INFO: [ app_init ] --END-- [ RunTime:0.000388s ]
ERR: 无法加载模块:Public

[ 2016-12-20T08:21:21+08:00 ] 127.0.0.1 /zhong_daishudou/daishudou/Practicum/Public/Former/css/face.css
INFO: [ app_init ] --START--
INFO: Run Behavior\BuildLiteBehavior [ RunTime:0.000013s ]
INFO: [ app_init ] --END-- [ RunTime:0.000405s ]
ERR: 无法加载模块:Public

[ 2016-12-20T08:21:21+08:00 ] 127.0.0.1 /zhong_daishudou/daishudou/Practicum/Public/Former/js/face.js
INFO: [ app_init ] --START--
INFO: Run Behavior\BuildLiteBehavior [ RunTime:0.000027s ]
INFO: [ app_init ] --END-- [ RunTime:0.002661s ]
ERR: 无法加载模块:Public

[ 2016-12-20T08:21:21+08:00 ] 127.0.0.1 /zhong_daishudou/daishudou/Practicum/Public/Former/js/face.js
INFO: [ app_init ] --START--
INFO: Run Behavior\BuildLiteBehavior [ RunTime:0.000014s ]
INFO: [ app_init ] --END-- [ RunTime:0.000427s ]
ERR: 无法加载模块:Public

[ 2016-12-20T08:21:25+08:00 ] 127.0.0.1 /zhong_daishudou/daishudou/Practicum/Public/Former/js/face.js
INFO: [ app_init ] --START--
INFO: Run Behavior\BuildLiteBehavior [ RunTime:0.000020s ]
INFO: [ app_init ] --END-- [ RunTime:0.000572s ]
ERR: 无法加载模块:Public

[ 2016-12-20T08:21:25+08:00 ] 127.0.0.1 /zhong_daishudou/daishudou/Practicum/Public/Former/css/face.css
INFO: [ app_init ] --START--
INFO: Run Behavior\BuildLiteBehavior [ RunTime:0.000018s ]
INFO: [ app_init ] --END-- [ RunTime:0.000616s ]
ERR: 无法加载模块:Public

[ 2016-12-20T08:21:26+08:00 ] 127.0.0.1 /zhong_daishudou/daishudou/Practicum/Public/Former/js/face.js
INFO: [ app_init ] --START--
INFO: Run Behavior\BuildLiteBehavior [ RunTime:0.000020s ]
INFO: [ app_init ] --END-- [ RunTime:0.000566s ]
ERR: 无法加载模块:Public

[ 2016-12-20T08:22:13+08:00 ] 127.0.0.1 /zhong_daishudou/daishudou/Practicum/Public/Former/js/face.js
INFO: [ app_init ] --START--
INFO: Run Behavior\BuildLiteBehavior [ RunTime:0.000020s ]
INFO: [ app_init ] --END-- [ RunTime:0.000587s ]
ERR: 无法加载模块:Public

[ 2016-12-20T08:22:13+08:00 ] 127.0.0.1 /zhong_daishudou/daishudou/Practicum/Public/Former/css/face.css
INFO: [ app_init ] --START--
INFO: Run Behavior\BuildLiteBehavior [ RunTime:0.000067s ]
INFO: [ app_init ] --END-- [ RunTime:0.000724s ]
ERR: 无法加载模块:Public

[ 2016-12-20T08:22:13+08:00 ] 127.0.0.1 /zhong_daishudou/daishudou/Practicum/Public/Former/js/face.js
INFO: [ app_init ] --START--
INFO: Run Behavior\BuildLiteBehavior [ RunTime:0.000014s ]
INFO: [ app_init ] --END-- [ RunTime:0.000392s ]
ERR: 无法加载模块:Public

[ 2016-12-20T10:41:33+08:00 ] 127.0.0.1 /zhong_daishudou/daishudou/Practicum/index.php/Public/uploads2016-12-06/qinzi_3.jpg
INFO: [ app_init ] --START--
INFO: Run Behavior\BuildLiteBehavior [ RunTime:0.000026s ]
INFO: [ app_init ] --END-- [ RunTime:0.000747s ]
ERR: 无法加载模块:Public

[ 2016-12-20T10:41:33+08:00 ] 127.0.0.1 /zhong_daishudou/daishudou/Practicum/index.php/Public/uploads2016-12-06/qinzi_4.jpg
INFO: [ app_init ] --START--
INFO: Run Behavior\BuildLiteBehavior [ RunTime:0.000026s ]
INFO: [ app_init ] --END-- [ RunTime:0.001002s ]
ERR: 无法加载模块:Public

[ 2016-12-20T10:41:33+08:00 ] 127.0.0.1 /zhong_daishudou/daishudou/Practicum/index.php/Public/uploads2016-12-06/qinzi_3.jpg
INFO: [ app_init ] --START--
INFO: Run Behavior\BuildLiteBehavior [ RunTime:0.000015s ]
INFO: [ app_init ] --END-- [ RunTime:0.000613s ]
ERR: 无法加载模块:Public

[ 2016-12-20T10:41:47+08:00 ] 127.0.0.1 /zhong_daishudou/daishudou/Practicum/index.php/Public/uploads2016-12-06/qinzi_3.jpg
INFO: [ app_init ] --START--
INFO: Run Behavior\BuildLiteBehavior [ RunTime:0.000023s ]
INFO: [ app_init ] --END-- [ RunTime:0.000698s ]
ERR: 无法加载模块:Public

[ 2016-12-20T10:41:47+08:00 ] 127.0.0.1 /zhong_daishudou/daishudou/Practicum/index.php/Public/uploads2016-12-06/qinzi_4.jpg
INFO: [ app_init ] --START--
INFO: Run Behavior\BuildLiteBehavior [ RunTime:0.000015s ]
INFO: [ app_init ] --END-- [ RunTime:0.000408s ]
ERR: 无法加载模块:Public

[ 2016-12-20T10:41:47+08:00 ] 127.0.0.1 /zhong_daishudou/daishudou/Practicum/index.php/Public/uploads2016-12-06/qinzi_3.jpg
INFO: [ app_init ] --START--
INFO: Run Behavior\BuildLiteBehavior [ RunTime:0.000015s ]
INFO: [ app_init ] --END-- [ RunTime:0.000492s ]
ERR: 无法加载模块:Public

[ 2016-12-20T10:43:06+08:00 ] 127.0.0.1 /zhong_daishudou/daishudou/Practicum/index.php/Public/uploads2016-12-06/qinzi_3.jpg
INFO: [ app_init ] --START--
INFO: Run Behavior\BuildLiteBehavior [ RunTime:0.000022s ]
INFO: [ app_init ] --END-- [ RunTime:0.000663s ]
ERR: 无法加载模块:Public

[ 2016-12-20T10:44:40+08:00 ] 127.0.0.1 /zhong_daishudou/daishudou/Practicum/index.php/Public/uploads2016-12-06/qinzi_3.jpg
INFO: [ app_init ] --START--
INFO: Run Behavior\BuildLiteBehavior [ RunTime:0.000024s ]
INFO: [ app_init ] --END-- [ RunTime:0.000795s ]
ERR: 无法加载模块:Public

[ 2016-12-20T15:07:27+08:00 ] 192.168.6.1 /zhong_daishudou/daishudou/Practicum/index.php/Public/uploads2016-12-06/5846649111bd4.jpg
INFO: [ app_init ] --START--
INFO: Run Behavior\BuildLiteBehavior [ RunTime:0.000020s ]
INFO: [ app_init ] --END-- [ RunTime:0.000733s ]
ERR: 无法加载模块:Public

[ 2016-12-20T15:08:18+08:00 ] 192.168.6.1 /zhong_daishudou/daishudou/Practicum/index.php/Public/uploads2016-12-06/5846649111bd4.jpg
INFO: [ app_init ] --START--
INFO: Run Behavior\BuildLiteBehavior [ RunTime:0.000013s ]
INFO: [ app_init ] --END-- [ RunTime:0.000486s ]
ERR: 无法加载模块:Public

