[ 2016-12-21T09:04:33+08:00 ] 127.0.0.1 /zhong_daishudou/daishudou/Practicum/Public/Former/css/face.css
INFO: [ app_init ] --START--
INFO: Run Behavior\BuildLiteBehavior [ RunTime:0.000022s ]
INFO: [ app_init ] --END-- [ RunTime:0.000686s ]
ERR: 无法加载模块:Public

[ 2016-12-21T09:04:33+08:00 ] 127.0.0.1 /zhong_daishudou/daishudou/Practicum/Public/Former/js/face.js
INFO: [ app_init ] --START--
INFO: Run Behavior\BuildLiteBehavior [ RunTime:0.000015s ]
INFO: [ app_init ] --END-- [ RunTime:0.000506s ]
ERR: 无法加载模块:Public

[ 2016-12-21T09:04:33+08:00 ] 127.0.0.1 /zhong_daishudou/daishudou/Practicum/Public/Former/js/face.js
INFO: [ app_init ] --START--
INFO: Run Behavior\BuildLiteBehavior [ RunTime:0.000022s ]
INFO: [ app_init ] --END-- [ RunTime:0.000431s ]
ERR: 无法加载模块:Public

[ 2016-12-21T09:05:18+08:00 ] 127.0.0.1 /zhong_daishudou/daishudou/Practicum/Public/Former/css/face.css
INFO: [ app_init ] --START--
INFO: Run Behavior\BuildLiteBehavior [ RunTime:0.000022s ]
INFO: [ app_init ] --END-- [ RunTime:0.000647s ]
ERR: 无法加载模块:Public

[ 2016-12-21T09:05:18+08:00 ] 127.0.0.1 /zhong_daishudou/daishudou/Practicum/Public/Former/js/face.js
INFO: [ app_init ] --START--
INFO: Run Behavior\BuildLiteBehavior [ RunTime:0.000017s ]
INFO: [ app_init ] --END-- [ RunTime:0.000561s ]
ERR: 无法加载模块:Public

[ 2016-12-21T09:05:18+08:00 ] 127.0.0.1 /zhong_daishudou/daishudou/Practicum/Public/Former/js/face.js
INFO: [ app_init ] --START--
INFO: Run Behavior\BuildLiteBehavior [ RunTime:0.000016s ]
INFO: [ app_init ] --END-- [ RunTime:0.000445s ]
ERR: 无法加载模块:Public

[ 2016-12-21T09:07:51+08:00 ] 127.0.0.1 /zhong_daishudou/daishudou/Practicum/index.php/zhong_daishudou/daishudou/Practicum/index.php/Home/Index/denglu.html.html
INFO: [ app_init ] --START--
INFO: Run Behavior\BuildLiteBehavior [ RunTime:0.000013s ]
INFO: [ app_init ] --END-- [ RunTime:0.000408s ]
ERR: 无法加载模块:Zhong_daishudou

[ 2016-12-21T09:07:54+08:00 ] 127.0.0.1 /zhong_daishudou/daishudou/Practicum/index.php/zhong_daishudou/daishudou/Practicum/index.php/Home/Index/denglu.html.html
INFO: [ app_init ] --START--
INFO: Run Behavior\BuildLiteBehavior [ RunTime:0.000046s ]
INFO: [ app_init ] --END-- [ RunTime:0.000762s ]
ERR: 无法加载模块:Zhong_daishudou

[ 2016-12-21T09:08:08+08:00 ] 127.0.0.1 /zhong_daishudou/daishudou/Practicum/Public/Former/css/face.css
INFO: [ app_init ] --START--
INFO: Run Behavior\BuildLiteBehavior [ RunTime:0.000027s ]
INFO: [ app_init ] --END-- [ RunTime:0.000761s ]
ERR: 无法加载模块:Public

[ 2016-12-21T09:08:08+08:00 ] 127.0.0.1 /zhong_daishudou/daishudou/Practicum/Public/Former/js/face.js
INFO: [ app_init ] --START--
INFO: Run Behavior\BuildLiteBehavior [ RunTime:0.000018s ]
INFO: [ app_init ] --END-- [ RunTime:0.000690s ]
ERR: 无法加载模块:Public

[ 2016-12-21T09:08:09+08:00 ] 127.0.0.1 /zhong_daishudou/daishudou/Practicum/Public/Former/js/face.js
INFO: [ app_init ] --START--
INFO: Run Behavior\BuildLiteBehavior [ RunTime:0.000013s ]
INFO: [ app_init ] --END-- [ RunTime:0.000424s ]
ERR: 无法加载模块:Public

[ 2016-12-21T09:08:37+08:00 ] 127.0.0.1 /zhong_daishudou/daishudou/Practicum/Public/Former/js/face.js
INFO: [ app_init ] --START--
INFO: Run Behavior\BuildLiteBehavior [ RunTime:0.000020s ]
INFO: [ app_init ] --END-- [ RunTime:0.000571s ]
ERR: 无法加载模块:Public

[ 2016-12-21T09:08:37+08:00 ] 127.0.0.1 /zhong_daishudou/daishudou/Practicum/Public/Former/css/face.css
INFO: [ app_init ] --START--
INFO: Run Behavior\BuildLiteBehavior [ RunTime:0.000022s ]
INFO: [ app_init ] --END-- [ RunTime:0.000693s ]
ERR: 无法加载模块:Public

[ 2016-12-21T09:08:37+08:00 ] 127.0.0.1 /zhong_daishudou/daishudou/Practicum/Public/Former/js/face.js
INFO: [ app_init ] --START--
INFO: Run Behavior\BuildLiteBehavior [ RunTime:0.000013s ]
INFO: [ app_init ] --END-- [ RunTime:0.000415s ]
ERR: 无法加载模块:Public

[ 2016-12-21T09:08:50+08:00 ] 127.0.0.1 /zhong_daishudou/daishudou/Practicum/Public/Former/css/face.css
INFO: [ app_init ] --START--
INFO: Run Behavior\BuildLiteBehavior [ RunTime:0.000024s ]
INFO: [ app_init ] --END-- [ RunTime:0.000820s ]
ERR: 无法加载模块:Public

[ 2016-12-21T09:08:50+08:00 ] 127.0.0.1 /zhong_daishudou/daishudou/Practicum/Public/Former/js/face.js
INFO: [ app_init ] --START--
INFO: Run Behavior\BuildLiteBehavior [ RunTime:0.000021s ]
INFO: [ app_init ] --END-- [ RunTime:0.000585s ]
ERR: 无法加载模块:Public

[ 2016-12-21T09:08:51+08:00 ] 127.0.0.1 /zhong_daishudou/daishudou/Practicum/Public/Former/js/face.js
INFO: [ app_init ] --START--
INFO: Run Behavior\BuildLiteBehavior [ RunTime:0.000013s ]
INFO: [ app_init ] --END-- [ RunTime:0.000377s ]
ERR: 无法加载模块:Public

[ 2016-12-21T09:09:28+08:00 ] 127.0.0.1 /zhong_daishudou/daishudou/Practicum/Public/Former/css/face.css
INFO: [ app_init ] --START--
INFO: Run Behavior\BuildLiteBehavior [ RunTime:0.000034s ]
INFO: [ app_init ] --END-- [ RunTime:0.001060s ]
ERR: 无法加载模块:Public

[ 2016-12-21T09:09:28+08:00 ] 127.0.0.1 /zhong_daishudou/daishudou/Practicum/Public/Former/js/face.js
INFO: [ app_init ] --START--
INFO: Run Behavior\BuildLiteBehavior [ RunTime:0.000025s ]
INFO: [ app_init ] --END-- [ RunTime:0.000811s ]
ERR: 无法加载模块:Public

[ 2016-12-21T09:09:29+08:00 ] 127.0.0.1 /zhong_daishudou/daishudou/Practicum/Public/Former/js/face.js
INFO: [ app_init ] --START--
INFO: Run Behavior\BuildLiteBehavior [ RunTime:0.000025s ]
INFO: [ app_init ] --END-- [ RunTime:0.000769s ]
ERR: 无法加载模块:Public

[ 2016-12-21T09:09:31+08:00 ] 127.0.0.1 /zhong_daishudou/daishudou/Practicum/Public/Former/css/face.css
INFO: [ app_init ] --START--
INFO: Run Behavior\BuildLiteBehavior [ RunTime:0.000023s ]
INFO: [ app_init ] --END-- [ RunTime:0.000603s ]
ERR: 无法加载模块:Public

[ 2016-12-21T09:09:31+08:00 ] 127.0.0.1 /zhong_daishudou/daishudou/Practicum/Public/Former/js/face.js
INFO: [ app_init ] --START--
INFO: Run Behavior\BuildLiteBehavior [ RunTime:0.000116s ]
INFO: [ app_init ] --END-- [ RunTime:0.002655s ]
ERR: 无法加载模块:Public

[ 2016-12-21T09:09:32+08:00 ] 127.0.0.1 /zhong_daishudou/daishudou/Practicum/Public/Former/js/face.js
INFO: [ app_init ] --START--
INFO: Run Behavior\BuildLiteBehavior [ RunTime:0.000014s ]
INFO: [ app_init ] --END-- [ RunTime:0.000413s ]
ERR: 无法加载模块:Public

[ 2016-12-21T09:10:29+08:00 ] 127.0.0.1 /zhong_daishudou/daishudou/Practicum/Public/Former/css/face.css
INFO: [ app_init ] --START--
INFO: Run Behavior\BuildLiteBehavior [ RunTime:0.000014s ]
INFO: [ app_init ] --END-- [ RunTime:0.000409s ]
ERR: 无法加载模块:Public

[ 2016-12-21T09:10:29+08:00 ] 127.0.0.1 /zhong_daishudou/daishudou/Practicum/Public/Former/js/face.js
INFO: [ app_init ] --START--
INFO: Run Behavior\BuildLiteBehavior [ RunTime:0.000023s ]
INFO: [ app_init ] --END-- [ RunTime:0.000810s ]
ERR: 无法加载模块:Public

[ 2016-12-21T09:10:30+08:00 ] 127.0.0.1 /zhong_daishudou/daishudou/Practicum/Public/Former/js/face.js
INFO: [ app_init ] --START--
INFO: Run Behavior\BuildLiteBehavior [ RunTime:0.000013s ]
INFO: [ app_init ] --END-- [ RunTime:0.000383s ]
ERR: 无法加载模块:Public

[ 2016-12-21T09:10:32+08:00 ] 127.0.0.1 /zhong_daishudou/daishudou/Practicum/Public/Former/css/face.css
INFO: [ app_init ] --START--
INFO: Run Behavior\BuildLiteBehavior [ RunTime:0.000014s ]
INFO: [ app_init ] --END-- [ RunTime:0.000400s ]
ERR: 无法加载模块:Public

[ 2016-12-21T09:10:32+08:00 ] 127.0.0.1 /zhong_daishudou/daishudou/Practicum/Public/Former/js/face.js
INFO: [ app_init ] --START--
INFO: Run Behavior\BuildLiteBehavior [ RunTime:0.000020s ]
INFO: [ app_init ] --END-- [ RunTime:0.000541s ]
ERR: 无法加载模块:Public

[ 2016-12-21T09:10:32+08:00 ] 127.0.0.1 /zhong_daishudou/daishudou/Practicum/Public/Former/js/face.js
INFO: [ app_init ] --START--
INFO: Run Behavior\BuildLiteBehavior [ RunTime:0.000014s ]
INFO: [ app_init ] --END-- [ RunTime:0.000435s ]
ERR: 无法加载模块:Public

[ 2016-12-21T09:12:08+08:00 ] 127.0.0.1 /zhong_daishudou/daishudou/Practicum/Public/Former/css/face.css
INFO: [ app_init ] --START--
INFO: Run Behavior\BuildLiteBehavior [ RunTime:0.000022s ]
INFO: [ app_init ] --END-- [ RunTime:0.000655s ]
ERR: 无法加载模块:Public

[ 2016-12-21T09:12:08+08:00 ] 127.0.0.1 /zhong_daishudou/daishudou/Practicum/Public/Former/js/face.js
INFO: [ app_init ] --START--
INFO: Run Behavior\BuildLiteBehavior [ RunTime:0.000014s ]
INFO: [ app_init ] --END-- [ RunTime:0.000422s ]
ERR: 无法加载模块:Public

[ 2016-12-21T09:12:08+08:00 ] 127.0.0.1 /zhong_daishudou/daishudou/Practicum/Public/Former/js/face.js
INFO: [ app_init ] --START--
INFO: Run Behavior\BuildLiteBehavior [ RunTime:0.000013s ]
INFO: [ app_init ] --END-- [ RunTime:0.000388s ]
ERR: 无法加载模块:Public

[ 2016-12-21T09:12:11+08:00 ] 127.0.0.1 /zhong_daishudou/daishudou/Practicum/Public/Former/css/face.css
INFO: [ app_init ] --START--
INFO: Run Behavior\BuildLiteBehavior [ RunTime:0.000014s ]
INFO: [ app_init ] --END-- [ RunTime:0.000409s ]
ERR: 无法加载模块:Public

[ 2016-12-21T09:12:11+08:00 ] 127.0.0.1 /zhong_daishudou/daishudou/Practicum/Public/Former/js/face.js
INFO: [ app_init ] --START--
INFO: Run Behavior\BuildLiteBehavior [ RunTime:0.000024s ]
INFO: [ app_init ] --END-- [ RunTime:0.000709s ]
ERR: 无法加载模块:Public

[ 2016-12-21T09:12:11+08:00 ] 127.0.0.1 /zhong_daishudou/daishudou/Practicum/Public/Former/js/face.js
INFO: [ app_init ] --START--
INFO: Run Behavior\BuildLiteBehavior [ RunTime:0.000012s ]
INFO: [ app_init ] --END-- [ RunTime:0.000419s ]
ERR: 无法加载模块:Public

[ 2016-12-21T09:37:03+08:00 ] 127.0.0.1 /zhong_daishudou/daishudou/Practicum/Public/Former/js/face.js
INFO: [ app_init ] --START--
INFO: Run Behavior\BuildLiteBehavior [ RunTime:0.000021s ]
INFO: [ app_init ] --END-- [ RunTime:0.000624s ]
ERR: 无法加载模块:Public

[ 2016-12-21T09:37:03+08:00 ] 127.0.0.1 /zhong_daishudou/daishudou/Practicum/Public/Former/css/face.css
INFO: [ app_init ] --START--
INFO: Run Behavior\BuildLiteBehavior [ RunTime:0.000054s ]
INFO: [ app_init ] --END-- [ RunTime:0.001072s ]
ERR: 无法加载模块:Public

[ 2016-12-21T09:37:04+08:00 ] 127.0.0.1 /zhong_daishudou/daishudou/Practicum/Public/Former/js/face.js
INFO: [ app_init ] --START--
INFO: Run Behavior\BuildLiteBehavior [ RunTime:0.000019s ]
INFO: [ app_init ] --END-- [ RunTime:0.000514s ]
ERR: 无法加载模块:Public

[ 2016-12-21T09:37:09+08:00 ] 127.0.0.1 /zhong_daishudou/daishudou/Practicum/Public/Former/css/face.css
INFO: [ app_init ] --START--
INFO: Run Behavior\BuildLiteBehavior [ RunTime:0.000022s ]
INFO: [ app_init ] --END-- [ RunTime:0.000616s ]
ERR: 无法加载模块:Public

[ 2016-12-21T09:37:09+08:00 ] 127.0.0.1 /zhong_daishudou/daishudou/Practicum/Public/Former/js/face.js
INFO: [ app_init ] --START--
INFO: Run Behavior\BuildLiteBehavior [ RunTime:0.000013s ]
INFO: [ app_init ] --END-- [ RunTime:0.000427s ]
ERR: 无法加载模块:Public

[ 2016-12-21T09:37:09+08:00 ] 127.0.0.1 /zhong_daishudou/daishudou/Practicum/Public/Former/js/face.js
INFO: [ app_init ] --START--
INFO: Run Behavior\BuildLiteBehavior [ RunTime:0.000013s ]
INFO: [ app_init ] --END-- [ RunTime:0.000394s ]
ERR: 无法加载模块:Public

[ 2016-12-21T09:37:10+08:00 ] 127.0.0.1 /zhong_daishudou/daishudou/Practicum/Public/Former/css/face.css
INFO: [ app_init ] --START--
INFO: Run Behavior\BuildLiteBehavior [ RunTime:0.000022s ]
INFO: [ app_init ] --END-- [ RunTime:0.000685s ]
ERR: 无法加载模块:Public

[ 2016-12-21T09:37:10+08:00 ] 127.0.0.1 /zhong_daishudou/daishudou/Practicum/Public/Former/js/face.js
INFO: [ app_init ] --START--
INFO: Run Behavior\BuildLiteBehavior [ RunTime:0.000034s ]
INFO: [ app_init ] --END-- [ RunTime:0.000867s ]
ERR: 无法加载模块:Public

[ 2016-12-21T09:37:10+08:00 ] 127.0.0.1 /zhong_daishudou/daishudou/Practicum/Public/Former/js/face.js
INFO: [ app_init ] --START--
INFO: Run Behavior\BuildLiteBehavior [ RunTime:0.000014s ]
INFO: [ app_init ] --END-- [ RunTime:0.000395s ]
ERR: 无法加载模块:Public

[ 2016-12-21T10:00:03+08:00 ] 127.0.0.1 /zhong_daishudou/daishudou/Practicum/Public/Former/js/face.js
INFO: [ app_init ] --START--
INFO: Run Behavior\BuildLiteBehavior [ RunTime:0.000089s ]
INFO: [ app_init ] --END-- [ RunTime:0.001069s ]
ERR: 无法加载模块:Public

[ 2016-12-21T10:00:03+08:00 ] 127.0.0.1 /zhong_daishudou/daishudou/Practicum/Public/Former/css/face.css
INFO: [ app_init ] --START--
INFO: Run Behavior\BuildLiteBehavior [ RunTime:0.000014s ]
INFO: [ app_init ] --END-- [ RunTime:0.000487s ]
ERR: 无法加载模块:Public

[ 2016-12-21T10:00:04+08:00 ] 127.0.0.1 /zhong_daishudou/daishudou/Practicum/Public/Former/js/face.js
INFO: [ app_init ] --START--
INFO: Run Behavior\BuildLiteBehavior [ RunTime:0.000020s ]
INFO: [ app_init ] --END-- [ RunTime:0.000399s ]
ERR: 无法加载模块:Public

[ 2016-12-21T10:00:08+08:00 ] 127.0.0.1 /zhong_daishudou/daishudou/Practicum/index.php/Index/content/m_id/57.html
INFO: [ app_init ] --START--
INFO: Run Behavior\BuildLiteBehavior [ RunTime:0.000014s ]
INFO: [ app_init ] --END-- [ RunTime:0.000489s ]
ERR: 无法加载模块:Index

[ 2016-12-21T10:01:29+08:00 ] 127.0.0.1 /zhong_daishudou/daishudou/Practicum/index.php/Index/content/m_id/57.html
INFO: [ app_init ] --START--
INFO: Run Behavior\BuildLiteBehavior [ RunTime:0.000023s ]
INFO: [ app_init ] --END-- [ RunTime:0.000581s ]
ERR: 无法加载模块:Index

[ 2016-12-21T10:01:35+08:00 ] 127.0.0.1 /zhong_daishudou/daishudou/Practicum/Public/Former/css/face.css
INFO: [ app_init ] --START--
INFO: Run Behavior\BuildLiteBehavior [ RunTime:0.000020s ]
INFO: [ app_init ] --END-- [ RunTime:0.000543s ]
ERR: 无法加载模块:Public

[ 2016-12-21T10:01:35+08:00 ] 127.0.0.1 /zhong_daishudou/daishudou/Practicum/Public/Former/js/face.js
INFO: [ app_init ] --START--
INFO: Run Behavior\BuildLiteBehavior [ RunTime:0.000018s ]
INFO: [ app_init ] --END-- [ RunTime:0.000594s ]
ERR: 无法加载模块:Public

[ 2016-12-21T10:01:36+08:00 ] 127.0.0.1 /zhong_daishudou/daishudou/Practicum/Public/Former/js/face.js
INFO: [ app_init ] --START--
INFO: Run Behavior\BuildLiteBehavior [ RunTime:0.000015s ]
INFO: [ app_init ] --END-- [ RunTime:0.000466s ]
ERR: 无法加载模块:Public

[ 2016-12-21T10:01:38+08:00 ] 127.0.0.1 /zhong_daishudou/daishudou/Practicum/index.php/Index/content/m_id/57.html
INFO: [ app_init ] --START--
INFO: Run Behavior\BuildLiteBehavior [ RunTime:0.000014s ]
INFO: [ app_init ] --END-- [ RunTime:0.000500s ]
ERR: 无法加载模块:Index

[ 2016-12-21T10:02:33+08:00 ] 127.0.0.1 /zhong_daishudou/daishudou/Practicum/index.php/Index/content/m_id/57.html
INFO: [ app_init ] --START--
INFO: Run Behavior\BuildLiteBehavior [ RunTime:0.000016s ]
INFO: [ app_init ] --END-- [ RunTime:0.000555s ]
ERR: 无法加载模块:Index

[ 2016-12-21T10:12:56+08:00 ] 127.0.0.1 /zhong_daishudou/daishudou/Practicum/index.php/Index/content/m_id/57.html
INFO: [ app_init ] --START--
INFO: Run Behavior\BuildLiteBehavior [ RunTime:0.000013s ]
INFO: [ app_init ] --END-- [ RunTime:0.000467s ]
ERR: 无法加载模块:Index

[ 2016-12-21T10:14:46+08:00 ] 127.0.0.1 /zhong_daishudou/daishudou/Practicum/index.php/Index/content/m_id/57
INFO: [ app_init ] --START--
INFO: Run Behavior\BuildLiteBehavior [ RunTime:0.000021s ]
INFO: [ app_init ] --END-- [ RunTime:0.000778s ]
ERR: 无法加载模块:Index

[ 2016-12-21T10:14:49+08:00 ] 127.0.0.1 /zhong_daishudou/daishudou/Practicum/index.php/Index/content/m_id/57
INFO: [ app_init ] --START--
INFO: Run Behavior\BuildLiteBehavior [ RunTime:0.000013s ]
INFO: [ app_init ] --END-- [ RunTime:0.000476s ]
ERR: 无法加载模块:Index

[ 2016-12-21T10:14:54+08:00 ] 127.0.0.1 /zhong_daishudou/daishudou/Practicum/index.php/Index/content/m_id/57
INFO: [ app_init ] --START--
INFO: Run Behavior\BuildLiteBehavior [ RunTime:0.000015s ]
INFO: [ app_init ] --END-- [ RunTime:0.000570s ]
ERR: 无法加载模块:Index

[ 2016-12-21T10:15:16+08:00 ] 127.0.0.1 /zhong_daishudou/daishudou/Practicum/index.php/content/m_id/57.html
INFO: [ app_init ] --START--
INFO: Run Behavior\BuildLiteBehavior [ RunTime:0.000016s ]
INFO: [ app_init ] --END-- [ RunTime:0.000590s ]
ERR: 无法加载模块:Content

[ 2016-12-21T10:15:26+08:00 ] 127.0.0.1 /zhong_daishudou/daishudou/Practicum/index/Index/content/m_id/57.html
INFO: [ app_init ] --START--
INFO: Run Behavior\BuildLiteBehavior [ RunTime:0.000028s ]
INFO: [ app_init ] --END-- [ RunTime:0.001066s ]
ERR: 无法加载模块:Index

[ 2016-12-21T10:15:31+08:00 ] 127.0.0.1 /zhong_daishudou/daishudou/Practicum/Index/content/m_id/57.html
INFO: [ app_init ] --START--
INFO: Run Behavior\BuildLiteBehavior [ RunTime:0.000015s ]
INFO: [ app_init ] --END-- [ RunTime:0.000549s ]
ERR: 无法加载模块:Index

[ 2016-12-21T10:15:33+08:00 ] 127.0.0.1 /zhong_daishudou/daishudou/Practicum/Index/content/m_id/57.html
INFO: [ app_init ] --START--
INFO: Run Behavior\BuildLiteBehavior [ RunTime:0.000016s ]
INFO: [ app_init ] --END-- [ RunTime:0.000591s ]
ERR: 无法加载模块:Index

[ 2016-12-21T10:15:35+08:00 ] 127.0.0.1 /zhong_daishudou/daishudou/Practicum/Index/content/m_id/57
INFO: [ app_init ] --START--
INFO: Run Behavior\BuildLiteBehavior [ RunTime:0.000016s ]
INFO: [ app_init ] --END-- [ RunTime:0.000553s ]
ERR: 无法加载模块:Index

[ 2016-12-21T10:15:38+08:00 ] 127.0.0.1 /zhong_daishudou/daishudou/Practicum/Index/content/m_id/57
INFO: [ app_init ] --START--
INFO: Run Behavior\BuildLiteBehavior [ RunTime:0.000015s ]
INFO: [ app_init ] --END-- [ RunTime:0.000462s ]
ERR: 无法加载模块:Index

[ 2016-12-21T10:16:26+08:00 ] 127.0.0.1 /zhong_daishudou/daishudou/Practicum/Public/Former/css/face.css
INFO: [ app_init ] --START--
INFO: Run Behavior\BuildLiteBehavior [ RunTime:0.000022s ]
INFO: [ app_init ] --END-- [ RunTime:0.000704s ]
ERR: 无法加载模块:Public

[ 2016-12-21T10:16:26+08:00 ] 127.0.0.1 /zhong_daishudou/daishudou/Practicum/Public/Former/js/face.js
INFO: [ app_init ] --START--
INFO: Run Behavior\BuildLiteBehavior [ RunTime:0.000017s ]
INFO: [ app_init ] --END-- [ RunTime:0.000622s ]
ERR: 无法加载模块:Public

[ 2016-12-21T10:16:27+08:00 ] 127.0.0.1 /zhong_daishudou/daishudou/Practicum/Public/Former/js/face.js
INFO: [ app_init ] --START--
INFO: Run Behavior\BuildLiteBehavior [ RunTime:0.000014s ]
INFO: [ app_init ] --END-- [ RunTime:0.000424s ]
ERR: 无法加载模块:Public

[ 2016-12-21T10:16:29+08:00 ] 127.0.0.1 /zhong_daishudou/daishudou/Practicum/index.php/__URL__/content/m_id/57.html
INFO: [ app_init ] --START--
INFO: Run Behavior\BuildLiteBehavior [ RunTime:0.000014s ]
INFO: [ app_init ] --END-- [ RunTime:0.000440s ]
ERR: 无法加载模块:__URL__

[ 2016-12-21T17:18:52+08:00 ] 127.0.0.1 /zhong_daishudou/daishudou/Practicum/Public/Former/css/zan.css
INFO: [ app_init ] --START--
INFO: Run Behavior\BuildLiteBehavior [ RunTime:0.000014s ]
INFO: [ app_init ] --END-- [ RunTime:0.000416s ]
ERR: 无法加载模块:Public

[ 2016-12-21T17:20:27+08:00 ] 127.0.0.1 /zhong_daishudou/daishudou/Practicum/Public/Former/css/zan.css
INFO: [ app_init ] --START--
INFO: Run Behavior\BuildLiteBehavior [ RunTime:0.000026s ]
INFO: [ app_init ] --END-- [ RunTime:0.001089s ]
ERR: 无法加载模块:Public

[ 2016-12-21T17:25:38+08:00 ] 127.0.0.1 /zhong_daishudou/daishudou/Practicum/Public/Former/css/zan.css
INFO: [ app_init ] --START--
INFO: Run Behavior\BuildLiteBehavior [ RunTime:0.000051s ]
INFO: [ app_init ] --END-- [ RunTime:0.000628s ]
ERR: 无法加载模块:Public

[ 2016-12-21T17:25:40+08:00 ] 127.0.0.1 /zhong_daishudou/daishudou/Practicum/Public/Former/css/zan.css
INFO: [ app_init ] --START--
INFO: Run Behavior\BuildLiteBehavior [ RunTime:0.000022s ]
INFO: [ app_init ] --END-- [ RunTime:0.000625s ]
ERR: 无法加载模块:Public

[ 2016-12-21T17:43:34+08:00 ] 127.0.0.1 /zhong_daishudou/daishudou/Practicum/index.php/Public/uploads2016-12-06/5846649111bd4.jpg
INFO: [ app_init ] --START--
INFO: Run Behavior\BuildLiteBehavior [ RunTime:0.000015s ]
INFO: [ app_init ] --END-- [ RunTime:0.000531s ]
ERR: 无法加载模块:Public

[ 2016-12-21T17:44:55+08:00 ] 127.0.0.1 /zhong_daishudou/daishudou/Practicum/index.php/Public/uploads2016-12-06/5846649111bd4.jpg
INFO: [ app_init ] --START--
INFO: Run Behavior\BuildLiteBehavior [ RunTime:0.000022s ]
INFO: [ app_init ] --END-- [ RunTime:0.000718s ]
ERR: 无法加载模块:Public

[ 2016-12-21T18:08:07+08:00 ] 127.0.0.1 /zhong_daishudou/daishudou/Practicum/Public/uploads2016-12-20/58467ff5277d8.jpg
INFO: [ app_init ] --START--
INFO: Run Behavior\BuildLiteBehavior [ RunTime:0.000020s ]
INFO: [ app_init ] --END-- [ RunTime:0.000614s ]
ERR: 无法加载模块:Public

[ 2016-12-21T18:08:38+08:00 ] 127.0.0.1 /zhong_daishudou/daishudou/Practicum/index.php/Public/uploads2016-12-06/5846649111bd4.jpg
INFO: [ app_init ] --START--
INFO: Run Behavior\BuildLiteBehavior [ RunTime:0.000021s ]
INFO: [ app_init ] --END-- [ RunTime:0.000591s ]
ERR: 无法加载模块:Public

[ 2016-12-21T18:09:54+08:00 ] 127.0.0.1 /zhong_daishudou/daishudou/Practicum/index.php/Public/uploads2016-12-06/5846649111bd4.jpg
INFO: [ app_init ] --START--
INFO: Run Behavior\BuildLiteBehavior [ RunTime:0.000015s ]
INFO: [ app_init ] --END-- [ RunTime:0.000410s ]
ERR: 无法加载模块:Public

[ 2016-12-21T18:10:32+08:00 ] 127.0.0.1 /zhong_daishudou/daishudou/Practicum/index.php/Public/uploads2016-12-06/5846649111bd4.jpg
INFO: [ app_init ] --START--
INFO: Run Behavior\BuildLiteBehavior [ RunTime:0.000021s ]
INFO: [ app_init ] --END-- [ RunTime:0.000505s ]
ERR: 无法加载模块:Public

[ 2016-12-21T18:11:59+08:00 ] 127.0.0.1 /zhong_daishudou/daishudou/Practicum/index.php/Public/uploads2016-12-06/5846649111bd4.jpg
INFO: [ app_init ] --START--
INFO: Run Behavior\BuildLiteBehavior [ RunTime:0.000043s ]
INFO: [ app_init ] --END-- [ RunTime:0.000697s ]
ERR: 无法加载模块:Public

[ 2016-12-21T18:18:09+08:00 ] 127.0.0.1 /zhong_daishudou/daishudou/Practicum/index.php/zhong_daishudou/daishudou/Practicum/index.php/Home/Index/denglu
INFO: [ app_init ] --START--
INFO: Run Behavior\BuildLiteBehavior [ RunTime:0.000023s ]
INFO: [ app_init ] --END-- [ RunTime:0.000707s ]
ERR: 无法加载模块:Zhong_daishudou

[ 2016-12-21T18:20:02+08:00 ] 127.0.0.1 /zhong_daishudou/daishudou/Practicum/index.php/zhong_daishudou/daishudou/Practicum/index.php/Home/Index/denglu
INFO: [ app_init ] --START--
INFO: Run Behavior\BuildLiteBehavior [ RunTime:0.000023s ]
INFO: [ app_init ] --END-- [ RunTime:0.000891s ]
ERR: 无法加载模块:Zhong_daishudou

